<?xml version="1.0" encoding="UTF-8"?>
<testsuite name="com.shipyard.app.test.AppTest" tests="1" skipped="0" failures="0" errors="0" timestamp="2017-02-09T04:34:13" hostname="Ashoks-MBP.carolina.rr.com" time="0.107">
  <properties/>
  <testcase name="testGreeting" classname="com.shipyard.app.test.AppTest" time="0.107"/>
  <system-out><![CDATA[23:34:11.563 [Test worker] DEBUG org.springframework.test.context.junit4.SpringJUnit4ClassRunner - SpringJUnit4ClassRunner constructor called with [class com.shipyard.app.test.AppTest]
23:34:11.567 [Test worker] DEBUG org.springframework.test.context.BootstrapUtils - Instantiating CacheAwareContextLoaderDelegate from class [org.springframework.test.context.cache.DefaultCacheAwareContextLoaderDelegate]
23:34:11.572 [Test worker] DEBUG org.springframework.test.context.BootstrapUtils - Instantiating BootstrapContext using constructor [public org.springframework.test.context.support.DefaultBootstrapContext(java.lang.Class,org.springframework.test.context.CacheAwareContextLoaderDelegate)]
23:34:11.586 [Test worker] DEBUG org.springframework.test.context.BootstrapUtils - Instantiating TestContextBootstrapper for test class [com.shipyard.app.test.AppTest] from class [org.springframework.boot.test.context.SpringBootTestContextBootstrapper]
23:34:11.597 [Test worker] INFO org.springframework.boot.test.context.SpringBootTestContextBootstrapper - Neither @ContextConfiguration nor @ContextHierarchy found for test class [com.shipyard.app.test.AppTest], using SpringBootContextLoader
23:34:11.600 [Test worker] DEBUG org.springframework.test.context.support.AbstractContextLoader - Did not detect default resource location for test class [com.shipyard.app.test.AppTest]: class path resource [com/shipyard/app/test/AppTest-context.xml] does not exist
23:34:11.601 [Test worker] DEBUG org.springframework.test.context.support.AbstractContextLoader - Did not detect default resource location for test class [com.shipyard.app.test.AppTest]: class path resource [com/shipyard/app/test/AppTestContext.groovy] does not exist
23:34:11.601 [Test worker] INFO org.springframework.test.context.support.AbstractContextLoader - Could not detect default resource locations for test class [com.shipyard.app.test.AppTest]: no resource found for suffixes {-context.xml, Context.groovy}.
23:34:11.610 [Test worker] INFO org.springframework.test.context.support.AnnotationConfigContextLoaderUtils - Could not detect default configuration classes for test class [com.shipyard.app.test.AppTest]: AppTest does not declare any static, non-private, non-final, nested classes annotated with @Configuration.
23:34:11.643 [Test worker] DEBUG org.springframework.test.context.support.ActiveProfilesUtils - Could not find an 'annotation declaring class' for annotation type [org.springframework.test.context.ActiveProfiles] and class [com.shipyard.app.test.AppTest]
23:34:11.653 [Test worker] DEBUG org.springframework.core.env.StandardEnvironment - Adding [systemProperties] PropertySource with lowest search precedence
23:34:11.653 [Test worker] DEBUG org.springframework.core.env.StandardEnvironment - Adding [systemEnvironment] PropertySource with lowest search precedence
23:34:11.654 [Test worker] DEBUG org.springframework.core.env.StandardEnvironment - Initialized StandardEnvironment with PropertySources [systemProperties,systemEnvironment]
23:34:11.664 [Test worker] DEBUG org.springframework.core.io.support.PathMatchingResourcePatternResolver - Resolved classpath location [com/shipyard/app/test/] to resources [URL [file:/Users/ashokgudise/IdeaProjects/git-demos/spring-boot-war/build/classes/test/com/shipyard/app/test/]]
23:34:11.664 [Test worker] DEBUG org.springframework.core.io.support.PathMatchingResourcePatternResolver - Looking for matching resources in directory tree [/Users/ashokgudise/IdeaProjects/git-demos/spring-boot-war/build/classes/test/com/shipyard/app/test]
23:34:11.664 [Test worker] DEBUG org.springframework.core.io.support.PathMatchingResourcePatternResolver - Searching directory [/Users/ashokgudise/IdeaProjects/git-demos/spring-boot-war/build/classes/test/com/shipyard/app/test] for files matching pattern [/Users/ashokgudise/IdeaProjects/git-demos/spring-boot-war/build/classes/test/com/shipyard/app/test/*.class]
23:34:11.667 [Test worker] DEBUG org.springframework.core.io.support.PathMatchingResourcePatternResolver - Resolved location pattern [classpath*:com/shipyard/app/test/*.class] to resources [file [/Users/ashokgudise/IdeaProjects/git-demos/spring-boot-war/build/classes/test/com/shipyard/app/test/AppTest.class]]
23:34:11.678 [Test worker] DEBUG org.springframework.core.io.support.PathMatchingResourcePatternResolver - Resolved classpath location [com/shipyard/app/] to resources [URL [file:/Users/ashokgudise/IdeaProjects/git-demos/spring-boot-war/build/classes/test/com/shipyard/app/], URL [file:/Users/ashokgudise/IdeaProjects/git-demos/spring-boot-war/build/classes/main/com/shipyard/app/]]
23:34:11.678 [Test worker] DEBUG org.springframework.core.io.support.PathMatchingResourcePatternResolver - Looking for matching resources in directory tree [/Users/ashokgudise/IdeaProjects/git-demos/spring-boot-war/build/classes/test/com/shipyard/app]
23:34:11.678 [Test worker] DEBUG org.springframework.core.io.support.PathMatchingResourcePatternResolver - Searching directory [/Users/ashokgudise/IdeaProjects/git-demos/spring-boot-war/build/classes/test/com/shipyard/app] for files matching pattern [/Users/ashokgudise/IdeaProjects/git-demos/spring-boot-war/build/classes/test/com/shipyard/app/*.class]
23:34:11.679 [Test worker] DEBUG org.springframework.core.io.support.PathMatchingResourcePatternResolver - Looking for matching resources in directory tree [/Users/ashokgudise/IdeaProjects/git-demos/spring-boot-war/build/classes/main/com/shipyard/app]
23:34:11.679 [Test worker] DEBUG org.springframework.core.io.support.PathMatchingResourcePatternResolver - Searching directory [/Users/ashokgudise/IdeaProjects/git-demos/spring-boot-war/build/classes/main/com/shipyard/app] for files matching pattern [/Users/ashokgudise/IdeaProjects/git-demos/spring-boot-war/build/classes/main/com/shipyard/app/*.class]
23:34:11.679 [Test worker] DEBUG org.springframework.core.io.support.PathMatchingResourcePatternResolver - Resolved location pattern [classpath*:com/shipyard/app/*.class] to resources [file [/Users/ashokgudise/IdeaProjects/git-demos/spring-boot-war/build/classes/main/com/shipyard/app/BootApp.class]]
23:34:11.711 [Test worker] DEBUG org.springframework.context.annotation.ClassPathScanningCandidateComponentProvider - Identified candidate component class: file [/Users/ashokgudise/IdeaProjects/git-demos/spring-boot-war/build/classes/main/com/shipyard/app/BootApp.class]
23:34:11.713 [Test worker] INFO org.springframework.boot.test.context.SpringBootTestContextBootstrapper - Found @SpringBootConfiguration com.shipyard.app.BootApp for test class com.shipyard.app.test.AppTest
23:34:11.715 [Test worker] DEBUG org.springframework.boot.test.context.SpringBootTestContextBootstrapper - @TestExecutionListeners is not present for class [com.shipyard.app.test.AppTest]: using defaults.
23:34:11.718 [Test worker] INFO org.springframework.boot.test.context.SpringBootTestContextBootstrapper - Loaded default TestExecutionListener class names from location [META-INF/spring.factories]: [org.springframework.boot.test.mock.mockito.MockitoTestExecutionListener, org.springframework.boot.test.mock.mockito.ResetMocksTestExecutionListener, org.springframework.boot.test.autoconfigure.restdocs.RestDocsTestExecutionListener, org.springframework.boot.test.autoconfigure.web.client.MockRestServiceServerResetTestExecutionListener, org.springframework.boot.test.autoconfigure.web.servlet.MockMvcPrintOnlyOnFailureTestExecutionListener, org.springframework.boot.test.autoconfigure.web.servlet.WebDriverTestExecutionListener, org.springframework.test.context.web.ServletTestExecutionListener, org.springframework.test.context.support.DirtiesContextBeforeModesTestExecutionListener, org.springframework.test.context.support.DependencyInjectionTestExecutionListener, org.springframework.test.context.support.DirtiesContextTestExecutionListener, org.springframework.test.context.transaction.TransactionalTestExecutionListener, org.springframework.test.context.jdbc.SqlScriptsTestExecutionListener]
23:34:11.724 [Test worker] INFO org.springframework.boot.test.context.SpringBootTestContextBootstrapper - Could not instantiate TestExecutionListener [org.springframework.test.context.transaction.TransactionalTestExecutionListener]. Specify custom listener classes or make the default listener classes (and their required dependencies) available. Offending class: [org/springframework/transaction/interceptor/TransactionAttributeSource]
23:34:11.726 [Test worker] INFO org.springframework.boot.test.context.SpringBootTestContextBootstrapper - Could not instantiate TestExecutionListener [org.springframework.test.context.jdbc.SqlScriptsTestExecutionListener]. Specify custom listener classes or make the default listener classes (and their required dependencies) available. Offending class: [org/springframework/transaction/interceptor/TransactionAttribute]
23:34:11.727 [Test worker] INFO org.springframework.boot.test.context.SpringBootTestContextBootstrapper - Using TestExecutionListeners: [org.springframework.test.context.web.ServletTestExecutionListener@267e1ece, org.springframework.test.context.support.DirtiesContextBeforeModesTestExecutionListener@52e3e69, org.springframework.boot.test.autoconfigure.SpringBootDependencyInjectionTestExecutionListener@3bba9c2f, org.springframework.test.context.support.DirtiesContextTestExecutionListener@682d0681, org.springframework.boot.test.autoconfigure.web.servlet.MockMvcPrintOnlyOnFailureTestExecutionListener@3ef3ed24, org.springframework.boot.test.mock.mockito.ResetMocksTestExecutionListener@4ada41e5, org.springframework.boot.test.autoconfigure.web.servlet.WebDriverTestExecutionListener@256ee775, org.springframework.boot.test.autoconfigure.restdocs.RestDocsTestExecutionListener@2577f457, org.springframework.boot.test.autoconfigure.web.client.MockRestServiceServerResetTestExecutionListener@44ca710, org.springframework.boot.test.mock.mockito.MockitoTestExecutionListener@1c810b15]
23:34:11.729 [Test worker] DEBUG org.springframework.test.annotation.ProfileValueUtils - Retrieved @ProfileValueSourceConfiguration [null] for test class [com.shipyard.app.test.AppTest]
23:34:11.729 [Test worker] DEBUG org.springframework.test.annotation.ProfileValueUtils - Retrieved ProfileValueSource type [class org.springframework.test.annotation.SystemProfileValueSource] for class [com.shipyard.app.test.AppTest]
23:34:11.730 [Test worker] DEBUG org.springframework.test.annotation.ProfileValueUtils - Retrieved @ProfileValueSourceConfiguration [null] for test class [com.shipyard.app.test.AppTest]
23:34:11.730 [Test worker] DEBUG org.springframework.test.annotation.ProfileValueUtils - Retrieved ProfileValueSource type [class org.springframework.test.annotation.SystemProfileValueSource] for class [com.shipyard.app.test.AppTest]
23:34:11.734 [Test worker] DEBUG org.springframework.test.context.support.AbstractDirtiesContextTestExecutionListener - Before test class: context [DefaultTestContext@14308471 testClass = AppTest, testInstance = [null], testMethod = [null], testException = [null], mergedContextConfiguration = [WebMergedContextConfiguration@1b35be0c testClass = AppTest, locations = '{}', classes = '{class com.shipyard.app.BootApp}', contextInitializerClasses = '[]', activeProfiles = '{}', propertySourceLocations = '{}', propertySourceProperties = '{org.springframework.boot.test.context.SpringBootTestContextBootstrapper=true, server.port=0}', contextCustomizers = set[org.springframework.boot.test.context.SpringBootTestContextCustomizer@3f8d2a9e, org.springframework.boot.test.context.filter.ExcludeFilterContextCustomizer@73ee9ae6, org.springframework.boot.test.mock.mockito.MockitoContextCustomizer@0, org.springframework.boot.test.autoconfigure.properties.PropertyMappingContextCustomizer@0, org.springframework.boot.test.autoconfigure.web.servlet.WebDriverContextCustomizerFactory$Customizer@2d24a577], resourceBasePath = 'src/main/webapp', contextLoader = 'org.springframework.boot.test.context.SpringBootContextLoader', parent = [null]]], class annotated with @DirtiesContext [true] with mode [AFTER_CLASS].
23:34:11.735 [Test worker] DEBUG org.springframework.test.annotation.ProfileValueUtils - Retrieved @ProfileValueSourceConfiguration [null] for test class [com.shipyard.app.test.AppTest]
23:34:11.735 [Test worker] DEBUG org.springframework.test.annotation.ProfileValueUtils - Retrieved ProfileValueSource type [class org.springframework.test.annotation.SystemProfileValueSource] for class [com.shipyard.app.test.AppTest]
23:34:11.736 [Test worker] DEBUG org.springframework.test.context.support.DependencyInjectionTestExecutionListener - Performing dependency injection for test context [[DefaultTestContext@14308471 testClass = AppTest, testInstance = com.shipyard.app.test.AppTest@4a6c8a56, testMethod = [null], testException = [null], mergedContextConfiguration = [WebMergedContextConfiguration@1b35be0c testClass = AppTest, locations = '{}', classes = '{class com.shipyard.app.BootApp}', contextInitializerClasses = '[]', activeProfiles = '{}', propertySourceLocations = '{}', propertySourceProperties = '{org.springframework.boot.test.context.SpringBootTestContextBootstrapper=true, server.port=0}', contextCustomizers = set[org.springframework.boot.test.context.SpringBootTestContextCustomizer@3f8d2a9e, org.springframework.boot.test.context.filter.ExcludeFilterContextCustomizer@73ee9ae6, org.springframework.boot.test.mock.mockito.MockitoContextCustomizer@0, org.springframework.boot.test.autoconfigure.properties.PropertyMappingContextCustomizer@0, org.springframework.boot.test.autoconfigure.web.servlet.WebDriverContextCustomizerFactory$Customizer@2d24a577], resourceBasePath = 'src/main/webapp', contextLoader = 'org.springframework.boot.test.context.SpringBootContextLoader', parent = [null]]]].
23:34:11.785 [Test worker] DEBUG org.springframework.core.env.StandardEnvironment - Adding [systemProperties] PropertySource with lowest search precedence
23:34:11.785 [Test worker] DEBUG org.springframework.core.env.StandardEnvironment - Adding [systemEnvironment] PropertySource with lowest search precedence
23:34:11.785 [Test worker] DEBUG org.springframework.core.env.StandardEnvironment - Initialized StandardEnvironment with PropertySources [systemProperties,systemEnvironment]
23:34:11.786 [Test worker] DEBUG org.springframework.test.context.support.TestPropertySourceUtils - Adding inlined properties to environment: {spring.jmx.enabled=false, org.springframework.boot.test.context.SpringBootTestContextBootstrapper=true, server.port=0}
23:34:11.787 [Test worker] DEBUG org.springframework.core.env.StandardEnvironment - Adding [Inlined Test Properties] PropertySource with highest search precedence

  .   ____          _            __ _ _
 /\\ / ___'_ __ _ _(_)_ __  __ _ \ \ \ \
( ( )\___ | '_ | '_| | '_ \/ _` | \ \ \ \
 \\/  ___)| |_)| | | | | || (_| |  ) ) ) )
  '  |____| .__|_| |_|_| |_\__, | / / / /
 =========|_|==============|___/=/_/_/_/
 :: Spring Boot ::        (v1.4.3.RELEASE)

2017-02-08 23:34:12.159  INFO 28430 --- [    Test worker] com.shipyard.app.test.AppTest            : Starting AppTest on Ashoks-MBP.carolina.rr.com with PID 28430 (started by ashokgudise in /Users/ashokgudise/IdeaProjects/git-demos/spring-boot-war)
2017-02-08 23:34:12.160  INFO 28430 --- [    Test worker] com.shipyard.app.test.AppTest            : No active profile set, falling back to default profiles: default
2017-02-08 23:34:12.183  INFO 28430 --- [    Test worker] ationConfigEmbeddedWebApplicationContext : Refreshing org.springframework.boot.context.embedded.AnnotationConfigEmbeddedWebApplicationContext@3cff0f4: startup date [Wed Feb 08 23:34:12 EST 2017]; root of context hierarchy
2017-02-08 23:34:13.186  INFO 28430 --- [    Test worker] s.b.c.e.t.TomcatEmbeddedServletContainer : Tomcat initialized with port(s): 0 (http)
2017-02-08 23:34:13.195  INFO 28430 --- [    Test worker] o.apache.catalina.core.StandardService   : Starting service Tomcat
2017-02-08 23:34:13.196  INFO 28430 --- [    Test worker] org.apache.catalina.core.StandardEngine  : Starting Servlet Engine: Apache Tomcat/8.5.6
2017-02-08 23:34:13.277  INFO 28430 --- [ost-startStop-1] o.a.c.c.C.[Tomcat].[localhost].[/]       : Initializing Spring embedded WebApplicationContext
2017-02-08 23:34:13.278  INFO 28430 --- [ost-startStop-1] o.s.web.context.ContextLoader            : Root WebApplicationContext: initialization completed in 1098 ms
2017-02-08 23:34:13.375  INFO 28430 --- [ost-startStop-1] o.s.b.w.servlet.ServletRegistrationBean  : Mapping servlet: 'dispatcherServlet' to [/]
2017-02-08 23:34:13.378  INFO 28430 --- [ost-startStop-1] o.s.b.w.servlet.FilterRegistrationBean   : Mapping filter: 'characterEncodingFilter' to: [/*]
2017-02-08 23:34:13.378  INFO 28430 --- [ost-startStop-1] o.s.b.w.servlet.FilterRegistrationBean   : Mapping filter: 'hiddenHttpMethodFilter' to: [/*]
2017-02-08 23:34:13.378  INFO 28430 --- [ost-startStop-1] o.s.b.w.servlet.FilterRegistrationBean   : Mapping filter: 'httpPutFormContentFilter' to: [/*]
2017-02-08 23:34:13.378  INFO 28430 --- [ost-startStop-1] o.s.b.w.servlet.FilterRegistrationBean   : Mapping filter: 'requestContextFilter' to: [/*]
2017-02-08 23:34:13.580  INFO 28430 --- [    Test worker] s.w.s.m.m.a.RequestMappingHandlerAdapter : Looking for @ControllerAdvice: org.springframework.boot.context.embedded.AnnotationConfigEmbeddedWebApplicationContext@3cff0f4: startup date [Wed Feb 08 23:34:12 EST 2017]; root of context hierarchy
2017-02-08 23:34:13.622  INFO 28430 --- [    Test worker] s.w.s.m.m.a.RequestMappingHandlerMapping : Mapped "{[/]}" onto public java.lang.String com.shipyard.app.BootApp.home()
2017-02-08 23:34:13.624  INFO 28430 --- [    Test worker] s.w.s.m.m.a.RequestMappingHandlerMapping : Mapped "{[/error]}" onto public org.springframework.http.ResponseEntity<java.util.Map<java.lang.String, java.lang.Object>> org.springframework.boot.autoconfigure.web.BasicErrorController.error(javax.servlet.http.HttpServletRequest)
2017-02-08 23:34:13.625  INFO 28430 --- [    Test worker] s.w.s.m.m.a.RequestMappingHandlerMapping : Mapped "{[/error],produces=[text/html]}" onto public org.springframework.web.servlet.ModelAndView org.springframework.boot.autoconfigure.web.BasicErrorController.errorHtml(javax.servlet.http.HttpServletRequest,javax.servlet.http.HttpServletResponse)
2017-02-08 23:34:13.644  INFO 28430 --- [    Test worker] o.s.w.s.handler.SimpleUrlHandlerMapping  : Mapped URL path [/webjars/**] onto handler of type [class org.springframework.web.servlet.resource.ResourceHttpRequestHandler]
2017-02-08 23:34:13.644  INFO 28430 --- [    Test worker] o.s.w.s.handler.SimpleUrlHandlerMapping  : Mapped URL path [/**] onto handler of type [class org.springframework.web.servlet.resource.ResourceHttpRequestHandler]
2017-02-08 23:34:13.669  INFO 28430 --- [    Test worker] o.s.w.s.handler.SimpleUrlHandlerMapping  : Mapped URL path [/**/favicon.ico] onto handler of type [class org.springframework.web.servlet.resource.ResourceHttpRequestHandler]
2017-02-08 23:34:13.768  INFO 28430 --- [    Test worker] s.b.c.e.t.TomcatEmbeddedServletContainer : Tomcat started on port(s): 64988 (http)
2017-02-08 23:34:13.772  INFO 28430 --- [    Test worker] com.shipyard.app.test.AppTest            : Started AppTest in 1.982 seconds (JVM running for 2.636)
2017-02-08 23:34:13.846  INFO 28430 --- [o-auto-1-exec-1] o.a.c.c.C.[Tomcat].[localhost].[/]       : Initializing Spring FrameworkServlet 'dispatcherServlet'
2017-02-08 23:34:13.846  INFO 28430 --- [o-auto-1-exec-1] o.s.web.servlet.DispatcherServlet        : FrameworkServlet 'dispatcherServlet': initialization started
2017-02-08 23:34:13.856  INFO 28430 --- [o-auto-1-exec-1] o.s.web.servlet.DispatcherServlet        : FrameworkServlet 'dispatcherServlet': initialization completed in 10 ms
2017-02-08 23:34:13.888  INFO 28430 --- [    Test worker] ationConfigEmbeddedWebApplicationContext : Closing org.springframework.boot.context.embedded.AnnotationConfigEmbeddedWebApplicationContext@3cff0f4: startup date [Wed Feb 08 23:34:12 EST 2017]; root of context hierarchy
]]></system-out>
  <system-err><![CDATA[]]></system-err>
</testsuite>
